<?xml version="1.0" encoding="UTF-8"?>
<testng-results ignored="0" total="2" passed="2" failed="0" skipped="0">
  <reporter-output>
  </reporter-output>
  <suite started-at="2024-09-13T22:23:54 IST" name="SauceDemoAutomationSuite" finished-at="2024-09-13T22:24:06 IST" duration-ms="11653">
    <groups>
    </groups>
    <test started-at="2024-09-13T22:23:54 IST" name="LoginTests" finished-at="2024-09-13T22:24:06 IST" duration-ms="11653">
      <class name="TestCases.SwagLabAutomation">
        <test-method is-config="true" signature="setUpSuite()[pri:0, instance:TestCases.SwagLabAutomation@2ef3eef9]" started-at="2024-09-13T22:23:53 IST" name="setUpSuite" finished-at="2024-09-13T22:23:54 IST" duration-ms="576" status="PASS">
          <reporter-output>
          </reporter-output>
        </test-method> <!-- setUpSuite -->
        <test-method is-config="true" signature="setUp()[pri:0, instance:TestCases.SwagLabAutomation@2ef3eef9]" started-at="2024-09-13T22:23:54 IST" name="setUp" finished-at="2024-09-13T22:23:59 IST" duration-ms="4995" status="PASS">
          <reporter-output>
          </reporter-output>
        </test-method> <!-- setUp -->
        <test-method signature="validLoginTest(java.lang.String,java.lang.String)[pri:1, instance:TestCases.SwagLabAutomation@2ef3eef9]" started-at="2024-09-13T22:23:59 IST" name="validLoginTest" finished-at="2024-09-13T22:24:00 IST" duration-ms="758" status="PASS">
          <params>
            <param index="0">
              <value>
                <![CDATA[standard_user]]>
              </value>
            </param>
            <param index="1">
              <value>
                <![CDATA[secret_sauce]]>
              </value>
            </param>
          </params>
          <reporter-output>
          </reporter-output>
        </test-method> <!-- validLoginTest -->
        <test-method is-config="true" signature="tearDown()[pri:0, instance:TestCases.SwagLabAutomation@2ef3eef9]" started-at="2024-09-13T22:24:00 IST" name="tearDown" finished-at="2024-09-13T22:24:00 IST" duration-ms="196" status="PASS">
          <reporter-output>
          </reporter-output>
        </test-method> <!-- tearDown -->
        <test-method is-config="true" signature="setUp()[pri:0, instance:TestCases.SwagLabAutomation@2ef3eef9]" started-at="2024-09-13T22:24:00 IST" name="setUp" finished-at="2024-09-13T22:24:05 IST" duration-ms="4805" status="PASS">
          <reporter-output>
          </reporter-output>
        </test-method> <!-- setUp -->
        <test-method signature="invalidLoginTest(java.lang.String,java.lang.String)[pri:2, instance:TestCases.SwagLabAutomation@2ef3eef9]" started-at="2024-09-13T22:24:05 IST" name="invalidLoginTest" finished-at="2024-09-13T22:24:05 IST" duration-ms="617" status="PASS">
          <params>
            <param index="0">
              <value>
                <![CDATA[standard_Invaliduser]]>
              </value>
            </param>
            <param index="1">
              <value>
                <![CDATA[secret_Invalidpwd]]>
              </value>
            </param>
          </params>
          <reporter-output>
          </reporter-output>
        </test-method> <!-- invalidLoginTest -->
        <test-method is-config="true" signature="tearDown()[pri:0, instance:TestCases.SwagLabAutomation@2ef3eef9]" started-at="2024-09-13T22:24:05 IST" name="tearDown" finished-at="2024-09-13T22:24:06 IST" duration-ms="252" status="PASS">
          <reporter-output>
          </reporter-output>
        </test-method> <!-- tearDown -->
      </class> <!-- TestCases.SwagLabAutomation -->
    </test> <!-- LoginTests -->
  </suite> <!-- SauceDemoAutomationSuite -->
</testng-results>
